This file contains any messages produced by compilers while
running configure, to aid debugging if configure makes a mistake.

It was created by configure, which was
generated by GNU Autoconf 2.69.  Invocation command line was

  $ ./configure --disable-atari-st --disable-char-posix --disable-char-ppp --disable-char-pty --disable-char-slip --disable-char-tcp --disable-char-termios --disable-char-wincom --disable-cpm80 --disable-sound-oss --disable-tun --without-x --with-sdl1 --disable-rc759 --disable-sim405 --disable-simarm --disable-sims32

## --------- ##
## Platform. ##
## --------- ##

hostname = lubuntu
uname -m = i686
uname -r = 4.13.0-46-generic
uname -s = Linux
uname -v = #51-Ubuntu SMP Tue Jun 12 12:36:35 UTC 2018

/usr/bin/uname -p = unknown
/bin/uname -X     = unknown

/bin/arch              = unknown
/usr/bin/arch -k       = unknown
/usr/convex/getsysinfo = unknown
/usr/bin/hostinfo      = unknown
/bin/machine           = unknown
/usr/bin/oslevel       = unknown
/bin/universe          = unknown

PATH: /usr/local/sbin
PATH: /usr/local/bin
PATH: /usr/sbin
PATH: /usr/bin
PATH: /sbin
PATH: /bin
PATH: /usr/games
PATH: /usr/local/games
PATH: /snap/bin


## ----------- ##
## Core tests. ##
## ----------- ##

configure:2219: checking pce version
configure:2272: result: 20180722-3f91fa12-mod (0.2.2)
configure:2312: checking build system type
configure:2326: result: i686-pc-linux-gnu
configure:2346: checking host system type
configure:2359: result: i686-pc-linux-gnu
configure:2380: checking host OS
configure:2391: result: Linux
configure:2425: checking host cpu
configure:2435: result: IA32
configure:2513: checking for gcc
configure:2529: found /usr/bin/gcc
configure:2540: result: gcc
configure:2769: checking for C compiler version
configure:2778: gcc --version >&5
gcc (Ubuntu 7.2.0-8ubuntu3.2) 7.2.0
Copyright (C) 2017 Free Software Foundation, Inc.
This is free software; see the source for copying conditions.  There is NO
warranty; not even for MERCHANTABILITY or FITNESS FOR A PARTICULAR PURPOSE.

configure:2789: $? = 0
configure:2778: gcc -v >&5
Using built-in specs.
COLLECT_GCC=gcc
COLLECT_LTO_WRAPPER=/usr/lib/gcc/i686-linux-gnu/7/lto-wrapper
Target: i686-linux-gnu
Configured with: ../src/configure -v --with-pkgversion='Ubuntu 7.2.0-8ubuntu3.2' --with-bugurl=file:///usr/share/doc/gcc-7/README.Bugs --enable-languages=c,ada,c++,go,brig,d,fortran,objc,obj-c++ --prefix=/usr --with-gcc-major-version-only --program-suffix=-7 --program-prefix=i686-linux-gnu- --enable-shared --enable-linker-build-id --libexecdir=/usr/lib --without-included-gettext --enable-threads=posix --libdir=/usr/lib --enable-nls --with-sysroot=/ --enable-clocale=gnu --enable-libstdcxx-debug --enable-libstdcxx-time=yes --with-default-libstdcxx-abi=new --enable-gnu-unique-object --disable-vtable-verify --enable-libmpx --enable-plugin --enable-default-pie --with-system-zlib --with-target-system-zlib --enable-objc-gc=auto --enable-targets=all --enable-multiarch --disable-werror --with-arch-32=i686 --with-multilib-list=m32,m64,mx32 --enable-multilib --with-tune=generic --enable-checking=release --build=i686-linux-gnu --host=i686-linux-gnu --target=i686-linux-gnu
Thread model: posix
gcc version 7.2.0 (Ubuntu 7.2.0-8ubuntu3.2) 
configure:2789: $? = 0
configure:2778: gcc -V >&5
gcc: error: unrecognized command line option '-V'
gcc: fatal error: no input files
compilation terminated.
configure:2789: $? = 1
configure:2778: gcc -qversion >&5
gcc: error: unrecognized command line option '-qversion'; did you mean '--version'?
gcc: fatal error: no input files
compilation terminated.
configure:2789: $? = 1
configure:2809: checking whether the C compiler works
configure:2831: gcc    conftest.c  >&5
configure:2835: $? = 0
configure:2883: result: yes
configure:2886: checking for C compiler default output file name
configure:2888: result: a.out
configure:2894: checking for suffix of executables
configure:2901: gcc -o conftest    conftest.c  >&5
configure:2905: $? = 0
configure:2927: result: 
configure:2949: checking whether we are cross compiling
configure:2957: gcc -o conftest    conftest.c  >&5
configure:2961: $? = 0
configure:2968: ./conftest
configure:2972: $? = 0
configure:2987: result: no
configure:2992: checking for suffix of object files
configure:3014: gcc -c   conftest.c >&5
configure:3018: $? = 0
configure:3039: result: o
configure:3043: checking whether we are using the GNU C compiler
configure:3062: gcc -c   conftest.c >&5
configure:3062: $? = 0
configure:3071: result: yes
configure:3080: checking whether gcc accepts -g
configure:3100: gcc -c -g  conftest.c >&5
configure:3100: $? = 0
configure:3141: result: yes
configure:3158: checking for gcc option to accept ISO C89
configure:3221: gcc  -c -g -O2  conftest.c >&5
configure:3221: $? = 0
configure:3234: result: none needed
configure:3268: checking for a BSD-compatible install
configure:3336: result: /usr/bin/install -c
configure:3356: checking for ar
configure:3374: found /usr/bin/ar
configure:3387: result: /usr/bin/ar
configure:3438: checking for ranlib
configure:3454: found /usr/bin/ranlib
configure:3465: result: ranlib
configure:3487: checking whether make sets $(MAKE)
configure:3509: result: yes
configure:3518: checking whether ln -s works
configure:3522: result: yes
configure:3532: checking for nasm
configure:3565: result: no
configure:3579: checking for ihex
configure:3612: result: no
configure:3634: checking how to run the C preprocessor
configure:3665: gcc -E  conftest.c
configure:3665: $? = 0
configure:3679: gcc -E  conftest.c
conftest.c:15:10: fatal error: ac_nonexistent.h: No such file or directory
 #include <ac_nonexistent.h>
          ^~~~~~~~~~~~~~~~~~
compilation terminated.
configure:3679: $? = 1
configure: failed program was:
| /* confdefs.h */
| #define PACKAGE_NAME ""
| #define PACKAGE_TARNAME ""
| #define PACKAGE_VERSION ""
| #define PACKAGE_STRING ""
| #define PACKAGE_BUGREPORT ""
| #define PACKAGE_URL ""
| #define PCE_VERSION_MAJ 0
| #define PCE_VERSION_MIN 2
| #define PCE_VERSION_MIC 2
| #define PCE_VERSION_STR "20180722-3f91fa12-mod"
| #define PCE_HOST_LINUX 1
| #define PCE_HOST_IA32 1
| /* end confdefs.h.  */
| #include <ac_nonexistent.h>
configure:3704: result: gcc -E
configure:3724: gcc -E  conftest.c
configure:3724: $? = 0
configure:3738: gcc -E  conftest.c
conftest.c:15:10: fatal error: ac_nonexistent.h: No such file or directory
 #include <ac_nonexistent.h>
          ^~~~~~~~~~~~~~~~~~
compilation terminated.
configure:3738: $? = 1
configure: failed program was:
| /* confdefs.h */
| #define PACKAGE_NAME ""
| #define PACKAGE_TARNAME ""
| #define PACKAGE_VERSION ""
| #define PACKAGE_STRING ""
| #define PACKAGE_BUGREPORT ""
| #define PACKAGE_URL ""
| #define PCE_VERSION_MAJ 0
| #define PCE_VERSION_MIN 2
| #define PCE_VERSION_MIC 2
| #define PCE_VERSION_STR "20180722-3f91fa12-mod"
| #define PCE_HOST_LINUX 1
| #define PCE_HOST_IA32 1
| /* end confdefs.h.  */
| #include <ac_nonexistent.h>
configure:3767: checking for grep that handles long lines and -e
configure:3825: result: /bin/grep
configure:3830: checking for egrep
configure:3892: result: /bin/grep -E
configure:3897: checking for ANSI C header files
configure:3917: gcc -c -g -O2  conftest.c >&5
configure:3917: $? = 0
configure:3990: gcc -o conftest -g -O2   conftest.c  >&5
configure:3990: $? = 0
configure:3990: ./conftest
configure:3990: $? = 0
configure:4001: result: yes
configure:4014: checking for sys/types.h
configure:4014: gcc -c -g -O2  conftest.c >&5
configure:4014: $? = 0
configure:4014: result: yes
configure:4014: checking for sys/stat.h
configure:4014: gcc -c -g -O2  conftest.c >&5
configure:4014: $? = 0
configure:4014: result: yes
configure:4014: checking for stdlib.h
configure:4014: gcc -c -g -O2  conftest.c >&5
configure:4014: $? = 0
configure:4014: result: yes
configure:4014: checking for string.h
configure:4014: gcc -c -g -O2  conftest.c >&5
configure:4014: $? = 0
configure:4014: result: yes
configure:4014: checking for memory.h
configure:4014: gcc -c -g -O2  conftest.c >&5
configure:4014: $? = 0
configure:4014: result: yes
configure:4014: checking for strings.h
configure:4014: gcc -c -g -O2  conftest.c >&5
configure:4014: $? = 0
configure:4014: result: yes
configure:4014: checking for inttypes.h
configure:4014: gcc -c -g -O2  conftest.c >&5
configure:4014: $? = 0
configure:4014: result: yes
configure:4014: checking for stdint.h
configure:4014: gcc -c -g -O2  conftest.c >&5
configure:4014: $? = 0
configure:4014: result: yes
configure:4014: checking for unistd.h
configure:4014: gcc -c -g -O2  conftest.c >&5
configure:4014: $? = 0
configure:4014: result: yes
configure:4047: checking arpa/inet.h usability
configure:4047: gcc -c -g -O2  conftest.c >&5
configure:4047: $? = 0
configure:4047: result: yes
configure:4047: checking arpa/inet.h presence
configure:4047: gcc -E  conftest.c
configure:4047: $? = 0
configure:4047: result: yes
configure:4047: checking for arpa/inet.h
configure:4047: result: yes
configure:4047: checking fcntl.h usability
configure:4047: gcc -c -g -O2  conftest.c >&5
configure:4047: $? = 0
configure:4047: result: yes
configure:4047: checking fcntl.h presence
configure:4047: gcc -E  conftest.c
configure:4047: $? = 0
configure:4047: result: yes
configure:4047: checking for fcntl.h
configure:4047: result: yes
configure:4047: checking linux/if_tun.h usability
configure:4047: gcc -c -g -O2  conftest.c >&5
configure:4047: $? = 0
configure:4047: result: yes
configure:4047: checking linux/if_tun.h presence
configure:4047: gcc -E  conftest.c
configure:4047: $? = 0
configure:4047: result: yes
configure:4047: checking for linux/if_tun.h
configure:4047: result: yes
configure:4047: checking linux/tcp.h usability
configure:4047: gcc -c -g -O2  conftest.c >&5
configure:4047: $? = 0
configure:4047: result: yes
configure:4047: checking linux/tcp.h presence
configure:4047: gcc -E  conftest.c
configure:4047: $? = 0
configure:4047: result: yes
configure:4047: checking for linux/tcp.h
configure:4047: result: yes
configure:4047: checking limits.h usability
configure:4047: gcc -c -g -O2  conftest.c >&5
configure:4047: $? = 0
configure:4047: result: yes
configure:4047: checking limits.h presence
configure:4047: gcc -E  conftest.c
configure:4047: $? = 0
configure:4047: result: yes
configure:4047: checking for limits.h
configure:4047: result: yes
configure:4047: checking netdb.h usability
configure:4047: gcc -c -g -O2  conftest.c >&5
configure:4047: $? = 0
configure:4047: result: yes
configure:4047: checking netdb.h presence
configure:4047: gcc -E  conftest.c
configure:4047: $? = 0
configure:4047: result: yes
configure:4047: checking for netdb.h
configure:4047: result: yes
configure:4047: checking netinet/in.h usability
configure:4047: gcc -c -g -O2  conftest.c >&5
configure:4047: $? = 0
configure:4047: result: yes
configure:4047: checking netinet/in.h presence
configure:4047: gcc -E  conftest.c
configure:4047: $? = 0
configure:4047: result: yes
configure:4047: checking for netinet/in.h
configure:4047: result: yes
configure:4047: checking poll.h usability
configure:4047: gcc -c -g -O2  conftest.c >&5
configure:4047: $? = 0
configure:4047: result: yes
configure:4047: checking poll.h presence
configure:4047: gcc -E  conftest.c
configure:4047: $? = 0
configure:4047: result: yes
configure:4047: checking for poll.h
configure:4047: result: yes
configure:4047: checking sys/ioctl.h usability
configure:4047: gcc -c -g -O2  conftest.c >&5
configure:4047: $? = 0
configure:4047: result: yes
configure:4047: checking sys/ioctl.h presence
configure:4047: gcc -E  conftest.c
configure:4047: $? = 0
configure:4047: result: yes
configure:4047: checking for sys/ioctl.h
configure:4047: result: yes
configure:4047: checking sys/poll.h usability
configure:4047: gcc -c -g -O2  conftest.c >&5
configure:4047: $? = 0
configure:4047: result: yes
configure:4047: checking sys/poll.h presence
configure:4047: gcc -E  conftest.c
configure:4047: $? = 0
configure:4047: result: yes
configure:4047: checking for sys/poll.h
configure:4047: result: yes
configure:4047: checking sys/socket.h usability
configure:4047: gcc -c -g -O2  conftest.c >&5
configure:4047: $? = 0
configure:4047: result: yes
configure:4047: checking sys/socket.h presence
configure:4047: gcc -E  conftest.c
configure:4047: $? = 0
configure:4047: result: yes
configure:4047: checking for sys/socket.h
configure:4047: result: yes
configure:4047: checking sys/soundcard.h usability
configure:4047: gcc -c -g -O2  conftest.c >&5
configure:4047: $? = 0
configure:4047: result: yes
configure:4047: checking sys/soundcard.h presence
configure:4047: gcc -E  conftest.c
configure:4047: $? = 0
configure:4047: result: yes
configure:4047: checking for sys/soundcard.h
configure:4047: result: yes
configure:4047: checking for sys/stat.h
configure:4047: result: yes
configure:4047: checking sys/time.h usability
configure:4047: gcc -c -g -O2  conftest.c >&5
configure:4047: $? = 0
configure:4047: result: yes
configure:4047: checking sys/time.h presence
configure:4047: gcc -E  conftest.c
configure:4047: $? = 0
configure:4047: result: yes
configure:4047: checking for sys/time.h
configure:4047: result: yes
configure:4047: checking for sys/types.h
configure:4047: result: yes
configure:4047: checking termios.h usability
configure:4047: gcc -c -g -O2  conftest.c >&5
configure:4047: $? = 0
configure:4047: result: yes
configure:4047: checking termios.h presence
configure:4047: gcc -E  conftest.c
configure:4047: $? = 0
configure:4047: result: yes
configure:4047: checking for termios.h
configure:4047: result: yes
configure:4047: checking for unistd.h
configure:4047: result: yes
configure:4058: checking for stdint.h
configure:4058: result: yes
configure:4071: checking for inttypes.h
configure:4071: result: yes
configure:4088: checking for _LARGEFILE_SOURCE value needed for large files
configure:4107: gcc -o conftest -g -O2   conftest.c  >&5
configure:4107: $? = 0
configure:4135: result: no
configure:4159: checking for ftruncate
configure:4159: gcc -o conftest -g -O2   conftest.c  >&5
configure:4159: $? = 0
configure:4159: result: yes
configure:4159: checking for futimes
configure:4159: gcc -o conftest -g -O2   conftest.c  >&5
configure:4159: $? = 0
configure:4159: result: yes
configure:4159: checking for gettimeofday
configure:4159: gcc -o conftest -g -O2   conftest.c  >&5
configure:4159: $? = 0
configure:4159: result: yes
configure:4159: checking for nanosleep
configure:4159: gcc -o conftest -g -O2   conftest.c  >&5
configure:4159: $? = 0
configure:4159: result: yes
configure:4159: checking for sleep
configure:4159: gcc -o conftest -g -O2   conftest.c  >&5
configure:4159: $? = 0
configure:4159: result: yes
configure:4159: checking for usleep
configure:4159: gcc -o conftest -g -O2   conftest.c  >&5
configure:4159: $? = 0
configure:4159: result: yes
configure:4169: checking for library containing socket
configure:4200: gcc -o conftest -g -O2   conftest.c  >&5
configure:4200: $? = 0
configure:4217: result: none required
configure:4225: checking for library containing accept
configure:4256: gcc -o conftest -g -O2   conftest.c  >&5
configure:4256: $? = 0
configure:4273: result: none required
configure:4281: checking for library containing gethostbyname
configure:4312: gcc -o conftest -g -O2   conftest.c  >&5
configure:4312: $? = 0
configure:4329: result: none required
configure:4337: checking for library containing inet_aton
configure:4368: gcc -o conftest -g -O2   conftest.c  >&5
configure:4368: $? = 0
configure:4385: result: none required
configure:4394: checking for X
configure:4572: result: disabled
configure:4614: checking for SDL
configure:4644: result: 2 (detected)
configure:4709: checking whether to build the Atari ST emulator
configure:4720: result: no (forced)
configure:4740: checking whether to build the CPM-80 emulator
configure:4751: result: no (forced)
configure:4771: checking whether to build the IBM PC emulator
configure:4794: result: yes (default)
configure:4808: checking whether to build the IBM PC ROM
configure:4826: result: no (default)
configure:4835: checking whether to build the Mac Plus emulator
configure:4858: result: yes (default)
configure:4872: checking whether to build the Mac Plus ROM
configure:4890: result: no (default)
configure:4899: checking whether to build the RC759 Piccoline
configure:4915: result: no (forced)
configure:4936: checking whether to build the PPC405 simulator
configure:4952: result: no (forced)
configure:4973: checking whether to build the 6502 simulator
configure:4996: result: yes (default)
configure:5010: checking whether to build the sparc32 simulator
configure:5026: result: no (forced)
configure:5047: checking whether to build the arm simulator
configure:5063: result: no (forced)
configure:5084: checking whether to enable tun
configure:5095: result: no
configure:5125: checking whether to enable the posix file character driver
configure:5136: result: no
configure:5165: checking whether to enable the PPP character driver
configure:5176: result: no
configure:5202: checking whether to enable the pty character driver
configure:5213: result: no
configure:5241: checking whether to enable the SLIP character driver
configure:5252: result: no
configure:5278: checking whether to enable the TCP character driver
configure:5289: result: no
configure:5321: checking whether to enable the termios character driver
configure:5332: result: no
configure:5362: checking whether to enable the windows COM character driver
configure:5373: result: no
configure:5399: checking whether to enable the OSS sound driver
configure:5410: result: no
configure:5438: checking whether to enable readline
configure:5457: result: maybe
configure:5459: checking for initscr in -lncurses
configure:5484: gcc -o conftest -g -O2   conftest.c -lncurses   >&5
/usr/bin/ld: cannot find -lncurses
collect2: error: ld returned 1 exit status
configure:5484: $? = 1
configure: failed program was:
| /* confdefs.h */
| #define PACKAGE_NAME ""
| #define PACKAGE_TARNAME ""
| #define PACKAGE_VERSION ""
| #define PACKAGE_STRING ""
| #define PACKAGE_BUGREPORT ""
| #define PACKAGE_URL ""
| #define PCE_VERSION_MAJ 0
| #define PCE_VERSION_MIN 2
| #define PCE_VERSION_MIC 2
| #define PCE_VERSION_STR "20180722-3f91fa12-mod"
| #define PCE_HOST_LINUX 1
| #define PCE_HOST_IA32 1
| #define STDC_HEADERS 1
| #define HAVE_SYS_TYPES_H 1
| #define HAVE_SYS_STAT_H 1
| #define HAVE_STDLIB_H 1
| #define HAVE_STRING_H 1
| #define HAVE_MEMORY_H 1
| #define HAVE_STRINGS_H 1
| #define HAVE_INTTYPES_H 1
| #define HAVE_STDINT_H 1
| #define HAVE_UNISTD_H 1
| #define HAVE_ARPA_INET_H 1
| #define HAVE_FCNTL_H 1
| #define HAVE_LINUX_IF_TUN_H 1
| #define HAVE_LINUX_TCP_H 1
| #define HAVE_LIMITS_H 1
| #define HAVE_NETDB_H 1
| #define HAVE_NETINET_IN_H 1
| #define HAVE_POLL_H 1
| #define HAVE_SYS_IOCTL_H 1
| #define HAVE_SYS_POLL_H 1
| #define HAVE_SYS_SOCKET_H 1
| #define HAVE_SYS_SOUNDCARD_H 1
| #define HAVE_SYS_STAT_H 1
| #define HAVE_SYS_TIME_H 1
| #define HAVE_SYS_TYPES_H 1
| #define HAVE_TERMIOS_H 1
| #define HAVE_UNISTD_H 1
| #define HAVE_STDINT_H 1
| #define HAVE_INTTYPES_H 1
| #define HAVE_FSEEKO 1
| #define HAVE_FTRUNCATE 1
| #define HAVE_FUTIMES 1
| #define HAVE_GETTIMEOFDAY 1
| #define HAVE_NANOSLEEP 1
| #define HAVE_SLEEP 1
| #define HAVE_USLEEP 1
| #define PCE_ENABLE_SDL 1
| #define PCE_ENABLE_SDL2 1
| #define PCE_LARGE_FILE 1
| #define PCE_BUILD_IBMPC 1
| #define PCE_BUILD_MACPLUS 1
| #define PCE_BUILD_SIM6502 1
| /* end confdefs.h.  */
| 
| /* Override any GCC internal prototype to avoid an error.
|    Use char because int might match the return type of a GCC
|    builtin and then its argument prototype would still apply.  */
| #ifdef __cplusplus
| extern "C"
| #endif
| char initscr ();
| int
| main ()
| {
| return initscr ();
|   ;
|   return 0;
| }
configure:5493: result: no
configure:5589: checking whether to enable readline
configure:5599: result: no (guess)
configure:5926: creating ./config.status

## ---------------------- ##
## Running config.status. ##
## ---------------------- ##

This file was extended by config.status, which was
generated by GNU Autoconf 2.69.  Invocation command line was

  CONFIG_FILES    = 
  CONFIG_HEADERS  = 
  CONFIG_LINKS    = 
  CONFIG_COMMANDS = 
  $ ./config.status 

on lubuntu

config.status:906: creating Makefile
config.status:906: creating Makefile.inc
config.status:906: creating src/config.inc
config.status:906: creating src/config.h
config.status:1081: src/config.h is unchanged
configure:7088: WARNING: unrecognized options: --with-sdl1

## ---------------- ##
## Cache variables. ##
## ---------------- ##

ac_cv_build=i686-pc-linux-gnu
ac_cv_c_compiler_gnu=yes
ac_cv_env_CC_set=
ac_cv_env_CC_value=
ac_cv_env_CFLAGS_set=
ac_cv_env_CFLAGS_value=
ac_cv_env_CPPFLAGS_set=
ac_cv_env_CPPFLAGS_value=
ac_cv_env_CPP_set=
ac_cv_env_CPP_value=
ac_cv_env_LDFLAGS_set=
ac_cv_env_LDFLAGS_value=
ac_cv_env_LIBS_set=
ac_cv_env_LIBS_value=
ac_cv_env_XMKMF_set=
ac_cv_env_XMKMF_value=
ac_cv_env_build_alias_set=
ac_cv_env_build_alias_value=
ac_cv_env_host_alias_set=
ac_cv_env_host_alias_value=
ac_cv_env_target_alias_set=
ac_cv_env_target_alias_value=
ac_cv_func_ftruncate=yes
ac_cv_func_futimes=yes
ac_cv_func_gettimeofday=yes
ac_cv_func_nanosleep=yes
ac_cv_func_sleep=yes
ac_cv_func_usleep=yes
ac_cv_header_arpa_inet_h=yes
ac_cv_header_fcntl_h=yes
ac_cv_header_inttypes_h=yes
ac_cv_header_limits_h=yes
ac_cv_header_linux_if_tun_h=yes
ac_cv_header_linux_tcp_h=yes
ac_cv_header_memory_h=yes
ac_cv_header_netdb_h=yes
ac_cv_header_netinet_in_h=yes
ac_cv_header_poll_h=yes
ac_cv_header_stdc=yes
ac_cv_header_stdint_h=yes
ac_cv_header_stdlib_h=yes
ac_cv_header_string_h=yes
ac_cv_header_strings_h=yes
ac_cv_header_sys_ioctl_h=yes
ac_cv_header_sys_poll_h=yes
ac_cv_header_sys_socket_h=yes
ac_cv_header_sys_soundcard_h=yes
ac_cv_header_sys_stat_h=yes
ac_cv_header_sys_time_h=yes
ac_cv_header_sys_types_h=yes
ac_cv_header_termios_h=yes
ac_cv_header_unistd_h=yes
ac_cv_host=i686-pc-linux-gnu
ac_cv_lib_ncurses_initscr=no
ac_cv_objext=o
ac_cv_path_AR=/usr/bin/ar
ac_cv_path_EGREP='/bin/grep -E'
ac_cv_path_GREP=/bin/grep
ac_cv_path_install='/usr/bin/install -c'
ac_cv_prog_CPP='gcc -E'
ac_cv_prog_ac_ct_CC=gcc
ac_cv_prog_ac_ct_RANLIB=ranlib
ac_cv_prog_cc_c89=
ac_cv_prog_cc_g=yes
ac_cv_prog_make_make_set=yes
ac_cv_search_accept='none required'
ac_cv_search_gethostbyname='none required'
ac_cv_search_inet_aton='none required'
ac_cv_search_socket='none required'
ac_cv_sys_largefile_source=no

## ----------------- ##
## Output variables. ##
## ----------------- ##

AR='/usr/bin/ar'
CC='gcc'
CFLAGS='-g -O2'
CPP='gcc -E'
CPPFLAGS=''
DEFS='-DHAVE_CONFIG_H'
ECHO_C=''
ECHO_N='-n'
ECHO_T=''
EGREP='/bin/grep -E'
EXEEXT=''
GREP='/bin/grep'
IHEX=''
INSTALL_DATA='${INSTALL} -m 644'
INSTALL_PROGRAM='${INSTALL}'
INSTALL_SCRIPT='${INSTALL}'
LDFLAGS=''
LIBOBJS=''
LIBS=''
LN_S='ln -s'
LTLIBOBJS=''
NASM=''
OBJEXT='o'
PACKAGE_BUGREPORT=''
PACKAGE_NAME=''
PACKAGE_STRING=''
PACKAGE_TARNAME=''
PACKAGE_URL=''
PACKAGE_VERSION=''
PATH_SEPARATOR=':'
PCE_BUILD_ATARIST='0'
PCE_BUILD_CPM80='0'
PCE_BUILD_IBMPC='1'
PCE_BUILD_IBMPC_ROM='0'
PCE_BUILD_MACPLUS='1'
PCE_BUILD_MACPLUS_ROM='0'
PCE_BUILD_RC759='0'
PCE_BUILD_SIM405='0'
PCE_BUILD_SIM6502='1'
PCE_BUILD_SIMARM='0'
PCE_BUILD_SIMS32='0'
PCE_DIR_DATA='NONE/share'
PCE_DIR_ETC='NONE/etc'
PCE_ENABLE_CHAR_POSIX='0'
PCE_ENABLE_CHAR_PPP='0'
PCE_ENABLE_CHAR_PTY='0'
PCE_ENABLE_CHAR_SLIP='0'
PCE_ENABLE_CHAR_TCP='0'
PCE_ENABLE_CHAR_TIOS='0'
PCE_ENABLE_CHAR_WINCOM='0'
PCE_ENABLE_READLINE='0'
PCE_ENABLE_SDL1='0'
PCE_ENABLE_SDL2='1'
PCE_ENABLE_SDL='1'
PCE_ENABLE_SOUND_OSS='0'
PCE_ENABLE_TUN='0'
PCE_ENABLE_X11='0'
PCE_HAVE_IHEX='0'
PCE_HAVE_INTTYPES_H='1'
PCE_HAVE_NASM='0'
PCE_HAVE_STDINT_H='1'
PCE_HOST_IA32='1'
PCE_HOST_LINUX='1'
PCE_HOST_NETBSD='0'
PCE_HOST_PPC='0'
PCE_HOST_SPARC='0'
PCE_HOST_SUNOS='0'
PCE_HOST_WINDOWS='0'
PCE_LARGE_FILE='1'
PCE_READLINE_LIBS=''
PCE_SDL_CFLAGS='-I/usr/include/SDL2 -D_REENTRANT'
PCE_SDL_LIBS='-lSDL2'
PCE_VERSION_MAJ='0'
PCE_VERSION_MIC='2'
PCE_VERSION_MIN='2'
PCE_VERSION_STR='20180722-3f91fa12-mod'
PCE_X11_CFLAGS=''
PCE_X11_LIBS=''
RANLIB='ranlib'
SET_MAKE=''
SHELL='/bin/bash'
XMKMF=''
ac_ct_CC='gcc'
bindir='${exec_prefix}/bin'
build='i686-pc-linux-gnu'
build_alias=''
build_cpu='i686'
build_os='linux-gnu'
build_vendor='pc'
datadir='${datarootdir}'
datarootdir='${prefix}/share'
docdir='${datarootdir}/doc/${PACKAGE}'
dvidir='${docdir}'
exec_prefix='${prefix}'
host='i686-pc-linux-gnu'
host_alias=''
host_cpu='i686'
host_os='linux-gnu'
host_vendor='pc'
htmldir='${docdir}'
includedir='${prefix}/include'
infodir='${datarootdir}/info'
libdir='${exec_prefix}/lib'
libexecdir='${exec_prefix}/libexec'
localedir='${datarootdir}/locale'
localstatedir='${prefix}/var'
mandir='${datarootdir}/man'
oldincludedir='/usr/include'
pdfdir='${docdir}'
prefix='/usr/local'
program_transform_name='s,x,x,'
psdir='${docdir}'
sbindir='${exec_prefix}/sbin'
sharedstatedir='${prefix}/com'
sysconfdir='${prefix}/etc'
target_alias=''

## ----------- ##
## confdefs.h. ##
## ----------- ##

/* confdefs.h */
#define PACKAGE_NAME ""
#define PACKAGE_TARNAME ""
#define PACKAGE_VERSION ""
#define PACKAGE_STRING ""
#define PACKAGE_BUGREPORT ""
#define PACKAGE_URL ""
#define PCE_VERSION_MAJ 0
#define PCE_VERSION_MIN 2
#define PCE_VERSION_MIC 2
#define PCE_VERSION_STR "20180722-3f91fa12-mod"
#define PCE_HOST_LINUX 1
#define PCE_HOST_IA32 1
#define STDC_HEADERS 1
#define HAVE_SYS_TYPES_H 1
#define HAVE_SYS_STAT_H 1
#define HAVE_STDLIB_H 1
#define HAVE_STRING_H 1
#define HAVE_MEMORY_H 1
#define HAVE_STRINGS_H 1
#define HAVE_INTTYPES_H 1
#define HAVE_STDINT_H 1
#define HAVE_UNISTD_H 1
#define HAVE_ARPA_INET_H 1
#define HAVE_FCNTL_H 1
#define HAVE_LINUX_IF_TUN_H 1
#define HAVE_LINUX_TCP_H 1
#define HAVE_LIMITS_H 1
#define HAVE_NETDB_H 1
#define HAVE_NETINET_IN_H 1
#define HAVE_POLL_H 1
#define HAVE_SYS_IOCTL_H 1
#define HAVE_SYS_POLL_H 1
#define HAVE_SYS_SOCKET_H 1
#define HAVE_SYS_SOUNDCARD_H 1
#define HAVE_SYS_STAT_H 1
#define HAVE_SYS_TIME_H 1
#define HAVE_SYS_TYPES_H 1
#define HAVE_TERMIOS_H 1
#define HAVE_UNISTD_H 1
#define HAVE_STDINT_H 1
#define HAVE_INTTYPES_H 1
#define HAVE_FSEEKO 1
#define HAVE_FTRUNCATE 1
#define HAVE_FUTIMES 1
#define HAVE_GETTIMEOFDAY 1
#define HAVE_NANOSLEEP 1
#define HAVE_SLEEP 1
#define HAVE_USLEEP 1
#define PCE_ENABLE_SDL 1
#define PCE_ENABLE_SDL2 1
#define PCE_LARGE_FILE 1
#define PCE_BUILD_IBMPC 1
#define PCE_BUILD_MACPLUS 1
#define PCE_BUILD_SIM6502 1
#define PCE_DIR_ETC "NONE/etc"
#define PCE_DIR_DATA "NONE/share"

configure: exit 0
